build/app/outputs/mapping/release/mapping.txt
# compiler: R8
# compiler_version: 2.1.62
# min_api: 19
# pg_map_id: 8dba152
# common_typos_disable
...
io.flutter.plugin.common.MethodChannel$IncomingMethodCallHandler$1 -> c.a.c.a.i$a$a:
    io.flutter.plugin.common.BinaryMessenger$BinaryReply val$reply -> a
    io.flutter.plugin.common.MethodChannel$IncomingMethodCallHandler this$1 -> b
    void error(java.lang.String,java.lang.String,java.lang.Object) -> a
    void success(java.lang.Object) -> b
    void notImplemented() -> c
io.flutter.plugin.common.MethodChannel$IncomingResultHandler -> c.a.c.a.i$b:
    io.flutter.plugin.common.MethodChannel$Result callback -> a
    io.flutter.plugin.common.MethodChannel this$0 -> b
    void reply(java.nio.ByteBuffer) -> a
io.flutter.plugin.common.MethodChannel$MethodCallHandler -> c.a.c.a.i$c:
    void onMethodCall(io.flutter.plugin.common.MethodCall,io.flutter.plugin.common.MethodChannel$Result) -> f
io.flutter.plugin.common.MethodChannel$Result -> c.a.c.a.i$d:
    void error(java.lang.String,java.lang.String,java.lang.Object) -> a
    void success(java.lang.Object) -> b
    void notImplemented() -> c
io.flutter.plugin.common.MethodCodec -> c.a.c.a.j:
    java.nio.ByteBuffer encodeErrorEnvelopeWithStacktrace(java.lang.String,java.lang.String,java.lang.Object,java.lang.String) -> a
    java.nio.ByteBuffer encodeMethodCall(io.flutter.plugin.common.MethodCall) -> b
    java.nio.ByteBuffer encodeErrorEnvelope(java.lang.String,java.lang.String,java.lang.Object) -> c
    java.nio.ByteBuffer encodeSuccessEnvelope(java.lang.Object) -> d
    io.flutter.plugin.common.MethodCall decodeMethodCall(java.nio.ByteBuffer) -> e
    java.lang.Object decodeEnvelope(java.nio.ByteBuffer) -> f
io.flutter.plugin.common.PluginRegistry$ActivityResultListener -> c.a.c.a.k:
    boolean onActivityResult(int,int,android.content.Intent) -> c
io.flutter.plugin.common.PluginRegistry$NewIntentListener -> c.a.c.a.l:
    boolean onNewIntent(android.content.Intent) -> d
io.flutter.plugin.common.PluginRegistry$RequestPermissionsResultListener -> c.a.c.a.m:
    boolean onRequestPermissionsResult(int,java.lang.String[],int[]) -> b
io.flutter.plugin.common.PluginRegistry$UserLeaveHintListener -> c.a.c.a.n:
    void onUserLeaveHint() -> f
io.flutter.plugin.common.StandardMessageCodec -> c.a.c.a.o:
    java.nio.charset.Charset UTF8 -> c
    io.flutter.plugin.common.StandardMessageCodec INSTANCE -> a
    boolean LITTLE_ENDIAN -> b
    java.lang.Object decodeMessage(java.nio.ByteBuffer) -> a
    java.nio.ByteBuffer encodeMessage(java.lang.Object) -> b
    void readAlignment(java.nio.ByteBuffer,int) -> c
    byte[] readBytes(java.nio.ByteBuffer) -> d
    int readSize(java.nio.ByteBuffer) -> e
    java.lang.Object readValue(java.nio.ByteBuffer) -> f
    java.lang.Object readValueOfType(byte,java.nio.ByteBuffer) -> g
    void writeAlignment(java.io.ByteArrayOutputStream,int) -> h
    void writeBytes(java.io.ByteArrayOutputStream,byte[]) -> i
    void writeChar(java.io.ByteArrayOutputStream,int) -> j
    void writeDouble(java.io.ByteArrayOutputStream,double) -> k
    void writeFloat(java.io.ByteArrayOutputStream,float) -> l
    void writeInt(java.io.ByteArrayOutputStream,int) -> m
    void writeLong(java.io.ByteArrayOutputStream,long) -> n
    void writeSize(java.io.ByteArrayOutputStream,int) -> o
    void writeValue(java.io.ByteArrayOutputStream,java.lang.Object) -> p
io.flutter.plugin.common.StandardMessageCodec$ExposedByteArrayOutputStream -> c.a.c.a.o$a:
    byte[] buffer() -> a