build/app/outputs/mapping/release/usage.txt
com.webview.playcoding.R$string
com.webview.playcoding.R$dimen
com.webview.playcoding.R$layout
com.webview.playcoding.R$styleable
com.webview.playcoding.BuildConfig
com.webview.playcoding.R$attr
com.webview.playcoding.R$integer
com.webview.playcoding.R$id
com.webview.playcoding.R
com.webview.playcoding.R$mipmap
com.webview.playcoding.R$xml
com.webview.playcoding.R$color
com.webview.playcoding.R$style
com.webview.playcoding.R$drawable
...
androidx.lifecycle.LiveData$AlwaysActiveObserver
io.flutter.embedding.android.FlutterImageView:
    public void <init>(android.content.Context)
    public void <init>(android.content.Context,android.util.AttributeSet)
    private static final java.lang.String TAG
androidx.core.app.ActivityManagerCompat
androidx.annotation.RequiresPermission$Read
androidx.core.app.NotificationCompat$Action
androidx.versionedparcelable.CustomVersionedParcelable:
    public void onPreParceling(boolean)
    public void onPostParceling()
androidx.activity.OnBackPressedDispatcher$OnBackPressedCancellable
androidx.core.graphics.TypefaceCompatBaseImpl$1
io.flutter.embedding.android.FlutterEngineConfigurator
com.it_nomads.fluttersecurestorage.R$dimen
androidx.core.os.HandlerCompat$Api28Impl
androidx.core.view.WindowInsetsControllerCompat$Impl23:
    public boolean isAppearanceLightStatusBars()
androidx.webkit.ServiceWorkerWebSettingsCompat$CacheMode
io.flutter.plugin.common.MethodCall:
    public java.lang.Object argument(java.lang.String)
    public boolean hasArgument(java.lang.String)
io.flutter.plugins.webviewflutter.R$string
androidx.core.text.TextDirectionHeuristicsCompat$TextDirectionHeuristicLocale
androidx.fragment.app.FragmentManagerState$1
androidx.arch.core.internal.SafeIterableMap:
    public java.lang.Object putIfAbsent(java.lang.Object,java.lang.Object)
    protected androidx.arch.core.internal.SafeIterableMap$Entry put(java.lang.Object,java.lang.Object)
androidx.core.content.res.ConfigurationHelper
androidx.core.content.ContextCompat$Api23Impl
androidx.core.view.ContentInfoCompat$Flags
io.flutter.embedding.android.DrawableSplashScreen$DrawableSplashScreenView:
    public void <init>(android.content.Context,android.util.AttributeSet)
androidx.core.content.LocusIdCompat
androidx.collection.ContainerHelpers:
    public static int idealIntArraySize(int)
    public static int idealLongArraySize(int)
    public static int idealByteArraySize(int)
    static int binarySearch(long[],int,long)
    private void <init>()
androidx.core.view.accessibility.AccessibilityViewCommand$ScrollToPositionArguments
io.flutter.embedding.engine.systemchannels.SettingsChannel:
    private static final java.lang.String TAG
    public static final java.lang.String CHANNEL_NAME
    private static final java.lang.String TEXT_SCALE_FACTOR
    private static final java.lang.String ALWAYS_USE_24_HOUR_FORMAT
    private static final java.lang.String PLATFORM_BRIGHTNESS
androidx.webkit.WebResourceErrorCompat$NetErrorCode
io.flutter.plugins.webviewflutter.R$drawable
androidx.core.app.TaskStackBuilder$SupportParentable
androidx.core.view.WindowInsetsAnimationCompat$Impl21$Impl21OnApplyWindowInsetsListener$3
androidx.viewpager.widget.ViewPager
androidx.annotation.experimental.UseExperimental
androidx.core.app.NotificationCompat$CarExtender$UnreadConversation
androidx.core.hardware.fingerprint.FingerprintManagerCompat$CryptoObject
androidx.core.R$styleable
androidx.customview.R$id
androidx.core.view.ViewCompat$ScrollAxis
androidx.annotation.HalfFloat
io.flutter.embedding.engine.renderer.FlutterRenderer$ViewportMetrics:
    public static final int unsetValue
androidx.webkit.WebMessagePortCompat$WebMessageCallbackCompat
androidx.core.view.ViewCompat$FocusRelativeDirection
androidx.core.app.FrameMetricsAggregator
androidx.viewpager.widget.PagerTabStrip
io.flutter.embedding.engine.FlutterEngineConnectionRegistry$FlutterEngineContentProviderPluginBinding:
    void <init>(android.content.ContentProvider)
    public android.content.ContentProvider getContentProvider()
    private final android.content.ContentProvider contentProvider
androidx.core.location.LocationManagerCompat$2
androidx.fragment.R$drawable
androidx.core.graphics.PaintCompat
androidx.core.view.WindowInsetsAnimationCompat$Impl30
androidx.core.view.ScaleGestureDetectorCompat
androidx.core.view.ViewGroupCompat
androidx.core.app.NotificationCompat$CarExtender